0 fluid0.conf
1 fluid1.conf
2 fluid10.conf
3 fluid100.conf
4 fluid101.conf
5 fluid102.conf
6 fluid103.conf
7 fluid104.conf
8 fluid105.conf
9 fluid106.conf
10 fluid107.conf
11 fluid108.conf
12 fluid109.conf
13 fluid11.conf
14 fluid110.conf
15 fluid111.conf
16 fluid112.conf
17 fluid113.conf
18 fluid114.conf
19 fluid115.conf
20 fluid116.conf
21 fluid117.conf
22 fluid118.conf
23 fluid119.conf
24 fluid12.conf
25 fluid120.conf
26 fluid121.conf
27 fluid122.conf
28 fluid123.conf
29 fluid124.conf
30 fluid125.conf
31 fluid126.conf
32 fluid127.conf
33 fluid128.conf
34 fluid129.conf
35 fluid13.conf
36 fluid130.conf
37 fluid131.conf
38 fluid132.conf
39 fluid133.conf
40 fluid134.conf
41 fluid135.conf
42 fluid136.conf
43 fluid137.conf
44 fluid138.conf
45 fluid139.conf
46 fluid14.conf
47 fluid140.conf
48 fluid141.conf
49 fluid142.conf
50 fluid143.conf
51 fluid144.conf
52 fluid145.conf
53 fluid146.conf
54 fluid147.conf
55 fluid148.conf
56 fluid149.conf
57 fluid15.conf
58 fluid150.conf
59 fluid151.conf
60 fluid152.conf
61 fluid153.conf
62 fluid154.conf
63 fluid155.conf
64 fluid156.conf
65 fluid157.conf
66 fluid158.conf
67 fluid159.conf
68 fluid16.conf
69 fluid160.conf
70 fluid161.conf
71 fluid162.conf
72 fluid163.conf
73 fluid164.conf
74 fluid165.conf
75 fluid166.conf
76 fluid167.conf
77 fluid168.conf
78 fluid169.conf
79 fluid17.conf
80 fluid170.conf
81 fluid171.conf
82 fluid172.conf
83 fluid173.conf
84 fluid174.conf
85 fluid175.conf
86 fluid176.conf
87 fluid177.conf
88 fluid178.conf
89 fluid179.conf
90 fluid18.conf
91 fluid180.conf
92 fluid181.conf
93 fluid182.conf
94 fluid183.conf
95 fluid184.conf
96 fluid185.conf
97 fluid186.conf
98 fluid187.conf
99 fluid188.conf
100 fluid189.conf
101 fluid19.conf
102 fluid190.conf
103 fluid191.conf
104 fluid2.conf
105 fluid20.conf
106 fluid21.conf
107 fluid22.conf
108 fluid23.conf
109 fluid24.conf
110 fluid25.conf
111 fluid26.conf
112 fluid27.conf
113 fluid28.conf
114 fluid29.conf
115 fluid3.conf
116 fluid30.conf
117 fluid31.conf
118 fluid32.conf
119 fluid33.conf
120 fluid34.conf
121 fluid35.conf
122 fluid36.conf
123 fluid37.conf
124 fluid38.conf
125 fluid39.conf
126 fluid4.conf
127 fluid40.conf
128 fluid41.conf
129 fluid42.conf
130 fluid43.conf
131 fluid44.conf
132 fluid45.conf
133 fluid46.conf
134 fluid47.conf
135 fluid48.conf
136 fluid49.conf
137 fluid5.conf
138 fluid50.conf
139 fluid51.conf
140 fluid52.conf
141 fluid53.conf
142 fluid54.conf
143 fluid55.conf
144 fluid56.conf
145 fluid57.conf
146 fluid58.conf
147 fluid59.conf
148 fluid6.conf
149 fluid60.conf
150 fluid61.conf
151 fluid62.conf
152 fluid63.conf
153 fluid64.conf
154 fluid65.conf
155 fluid66.conf
156 fluid67.conf
157 fluid68.conf
158 fluid69.conf
159 fluid7.conf
160 fluid70.conf
161 fluid71.conf
162 fluid72.conf
163 fluid73.conf
164 fluid74.conf
165 fluid75.conf
166 fluid76.conf
167 fluid77.conf
168 fluid78.conf
169 fluid79.conf
170 fluid8.conf
171 fluid80.conf
172 fluid81.conf
173 fluid82.conf
174 fluid83.conf
175 fluid84.conf
176 fluid85.conf
177 fluid86.conf
178 fluid87.conf
179 fluid88.conf
180 fluid89.conf
181 fluid9.conf
182 fluid90.conf
183 fluid91.conf
184 fluid92.conf
185 fluid93.conf
186 fluid94.conf
187 fluid95.conf
188 fluid96.conf
189 fluid97.conf
190 fluid98.conf
191 fluid99.conf
